<?xml version="1.0" encoding="UTF-8"?>
<!-- Generated by org.testng.reporters.JUnitXMLReporter -->
<testsuite hostname="MSI-GT60" ignored="0" name="Default test" tests="3" failures="0" timestamp="2019-10-02T17:26:12 CLST" time="7.361" errors="0">
  <testcase name="crearPostulanteFront" time="2.889" classname="cl.usach.mingesoft.ChromeTest"/>
  <testcase name="iraCrear" time="0.366" classname="cl.usach.mingesoft.ChromeTest"/>
  <testcase name="iraListado" time="0.225" classname="cl.usach.mingesoft.ChromeTest"/>
</testsuite> <!-- Default test -->
