<?xml version="1.0" encoding="UTF-8"?>
<testng-results skipped="0" failed="0" ignored="1" total="7" passed="6">
  <reporter-output>
  </reporter-output>
  <suite name="Default suite" duration-ms="16579" started-at="2019-10-02T23:40:48 CLST" finished-at="2019-10-02T23:41:05 CLST">
    <groups>
    </groups>
    <test name="Default test" duration-ms="16579" started-at="2019-10-02T23:40:48 CLST" finished-at="2019-10-02T23:41:05 CLST">
      <class name="cl.usach.mingesoft.FirefoxTest">
        <test-method status="PASS" signature="beforeTest()[pri:0, instance:cl.usach.mingesoft.FirefoxTest@1f28c152]" name="beforeTest" is-config="true" duration-ms="3875" started-at="2019-10-02T23:40:51 CLST" finished-at="2019-10-02T23:40:55 CLST">
          <reporter-output>
          </reporter-output>
        </test-method> <!-- beforeTest -->
        <test-method status="PASS" signature="crearPostulanteFront()[pri:1, instance:cl.usach.mingesoft.FirefoxTest@1f28c152]" name="crearPostulanteFront" duration-ms="2505" started-at="2019-10-02T23:40:55 CLST" finished-at="2019-10-02T23:40:58 CLST">
          <reporter-output>
          </reporter-output>
        </test-method> <!-- crearPostulanteFront -->
        <test-method status="PASS" signature="iraCrear()[pri:2, instance:cl.usach.mingesoft.FirefoxTest@1f28c152]" name="iraCrear" duration-ms="462" started-at="2019-10-02T23:40:58 CLST" finished-at="2019-10-02T23:40:58 CLST">
          <reporter-output>
          </reporter-output>
        </test-method> <!-- iraCrear -->
        <test-method status="PASS" signature="iraListado()[pri:3, instance:cl.usach.mingesoft.FirefoxTest@1f28c152]" name="iraListado" duration-ms="579" started-at="2019-10-02T23:40:58 CLST" finished-at="2019-10-02T23:40:59 CLST">
          <reporter-output>
          </reporter-output>
        </test-method> <!-- iraListado -->
        <test-method status="FAIL" signature="afterTest()[pri:0, instance:cl.usach.mingesoft.FirefoxTest@1f28c152]" name="afterTest" is-config="true" duration-ms="2133" started-at="2019-10-02T23:41:03 CLST" finished-at="2019-10-02T23:41:05 CLST">
          <exception class="org.openqa.selenium.NoSuchSessionException">
            <message>
              <![CDATA[Tried to run command without establishing a connection
Build info: version: '3.141.59', revision: 'e82be7d358', time: '2018-11-14T08:25:48'
System info: host: 'MSI-GT60', ip: '192.168.56.1', os.name: 'Windows 8.1', os.arch: 'amd64', os.version: '6.3', java.version: '1.8.0_191'
Driver info: org.openqa.selenium.firefox.FirefoxDriver
Capabilities {acceptInsecureCerts: true, browserName: firefox, browserVersion: 69.0, javascriptEnabled: true, moz:accessibilityChecks: false, moz:buildID: 20190827005903, moz:geckodriverVersion: 0.25.0, moz:headless: false, moz:processID: 7916, moz:profile: C:\Users\Rodrigo\AppData\Lo..., moz:shutdownTimeout: 60000, moz:useNonSpecCompliantPointerOrigin: false, moz:webdriverClick: true, pageLoadStrategy: normal, platform: WINDOWS, platformName: WINDOWS, platformVersion: 6.3, rotatable: false, setWindowRect: true, strictFileInteractability: false, timeouts: {implicit: 0, pageLoad: 300000, script: 30000}, unhandledPromptBehavior: dismiss and notify}
Session ID: 250cdf5e-95d7-44dc-a2cf-2267f2b4c036]]>
            </message>
            <full-stacktrace>
              <![CDATA[org.openqa.selenium.NoSuchSessionException: Tried to run command without establishing a connection
Build info: version: '3.141.59', revision: 'e82be7d358', time: '2018-11-14T08:25:48'
System info: host: 'MSI-GT60', ip: '192.168.56.1', os.name: 'Windows 8.1', os.arch: 'amd64', os.version: '6.3', java.version: '1.8.0_191'
Driver info: org.openqa.selenium.firefox.FirefoxDriver
Capabilities {acceptInsecureCerts: true, browserName: firefox, browserVersion: 69.0, javascriptEnabled: true, moz:accessibilityChecks: false, moz:buildID: 20190827005903, moz:geckodriverVersion: 0.25.0, moz:headless: false, moz:processID: 7916, moz:profile: C:\Users\Rodrigo\AppData\Lo..., moz:shutdownTimeout: 60000, moz:useNonSpecCompliantPointerOrigin: false, moz:webdriverClick: true, pageLoadStrategy: normal, platform: WINDOWS, platformName: WINDOWS, platformVersion: 6.3, rotatable: false, setWindowRect: true, strictFileInteractability: false, timeouts: {implicit: 0, pageLoad: 300000, script: 30000}, unhandledPromptBehavior: dismiss and notify}
Session ID: 250cdf5e-95d7-44dc-a2cf-2267f2b4c036
at sun.reflect.NativeConstructorAccessorImpl.newInstance0(Native Method)
at sun.reflect.NativeConstructorAccessorImpl.newInstance(NativeConstructorAccessorImpl.java:62)
at sun.reflect.DelegatingConstructorAccessorImpl.newInstance(DelegatingConstructorAccessorImpl.java:45)
at java.lang.reflect.Constructor.newInstance(Constructor.java:423)
at org.openqa.selenium.remote.http.W3CHttpResponseCodec.createException(W3CHttpResponseCodec.java:187)
at org.openqa.selenium.remote.http.W3CHttpResponseCodec.decode(W3CHttpResponseCodec.java:122)
at org.openqa.selenium.remote.http.W3CHttpResponseCodec.decode(W3CHttpResponseCodec.java:49)
at org.openqa.selenium.remote.HttpCommandExecutor.execute(HttpCommandExecutor.java:158)
at org.openqa.selenium.remote.service.DriverCommandExecutor.execute(DriverCommandExecutor.java:83)
at org.openqa.selenium.remote.RemoteWebDriver.execute(RemoteWebDriver.java:552)
at org.openqa.selenium.remote.RemoteWebDriver.execute(RemoteWebDriver.java:609)
at org.openqa.selenium.remote.RemoteWebDriver.quit(RemoteWebDriver.java:452)
at cl.usach.mingesoft.NavTest.afterTest(NavTest.java:54)
at sun.reflect.NativeMethodAccessorImpl.invoke0(Native Method)
at sun.reflect.NativeMethodAccessorImpl.invoke(NativeMethodAccessorImpl.java:62)
at sun.reflect.DelegatingMethodAccessorImpl.invoke(DelegatingMethodAccessorImpl.java:43)
at java.lang.reflect.Method.invoke(Method.java:498)
at org.testng.internal.MethodInvocationHelper.invokeMethod(MethodInvocationHelper.java:133)
at org.testng.internal.MethodInvocationHelper.invokeMethodConsideringTimeout(MethodInvocationHelper.java:62)
at org.testng.internal.ConfigInvoker.invokeConfigurationMethod(ConfigInvoker.java:340)
at org.testng.internal.ConfigInvoker.invokeConfigurations(ConfigInvoker.java:294)
at org.testng.TestRunner.invokeTestConfigurations(TestRunner.java:623)
at org.testng.TestRunner.afterRun(TestRunner.java:853)
at org.testng.TestRunner.run(TestRunner.java:594)
at org.testng.SuiteRunner.runTest(SuiteRunner.java:402)
at org.testng.SuiteRunner.runSequentially(SuiteRunner.java:396)
at org.testng.SuiteRunner.privateRun(SuiteRunner.java:355)
at org.testng.SuiteRunner.run(SuiteRunner.java:304)
at org.testng.SuiteRunnerWorker.runSuite(SuiteRunnerWorker.java:53)
at org.testng.SuiteRunnerWorker.run(SuiteRunnerWorker.java:96)
at org.testng.TestNG.runSuitesSequentially(TestNG.java:1180)
at org.testng.TestNG.runSuitesLocally(TestNG.java:1102)
at org.testng.TestNG.runSuites(TestNG.java:1032)
at org.testng.TestNG.run(TestNG.java:1000)
at org.testng.remote.AbstractRemoteTestNG.run(AbstractRemoteTestNG.java:115)
at org.testng.remote.RemoteTestNG.initAndRun(RemoteTestNG.java:251)
at org.testng.remote.RemoteTestNG.main(RemoteTestNG.java:77)
]]>
            </full-stacktrace>
          </exception> <!-- org.openqa.selenium.NoSuchSessionException -->
          <reporter-output>
          </reporter-output>
        </test-method> <!-- afterTest -->
      </class> <!-- cl.usach.mingesoft.FirefoxTest -->
      <class name="cl.usach.mingesoft.ChromeTest">
        <test-method status="PASS" signature="beforeTest()[pri:0, instance:cl.usach.mingesoft.ChromeTest@7d907bac]" name="beforeTest" is-config="true" duration-ms="2915" started-at="2019-10-02T23:40:48 CLST" finished-at="2019-10-02T23:40:51 CLST">
          <reporter-output>
          </reporter-output>
        </test-method> <!-- beforeTest -->
        <test-method status="PASS" signature="crearPostulanteFront()[pri:1, instance:cl.usach.mingesoft.ChromeTest@7d907bac]" name="crearPostulanteFront" duration-ms="3359" started-at="2019-10-02T23:40:59 CLST" finished-at="2019-10-02T23:41:02 CLST">
          <reporter-output>
          </reporter-output>
        </test-method> <!-- crearPostulanteFront -->
        <test-method status="PASS" signature="iraCrear()[pri:2, instance:cl.usach.mingesoft.ChromeTest@7d907bac]" name="iraCrear" duration-ms="379" started-at="2019-10-02T23:41:02 CLST" finished-at="2019-10-02T23:41:03 CLST">
          <reporter-output>
          </reporter-output>
        </test-method> <!-- iraCrear -->
        <test-method status="PASS" signature="iraListado()[pri:3, instance:cl.usach.mingesoft.ChromeTest@7d907bac]" name="iraListado" duration-ms="327" started-at="2019-10-02T23:41:03 CLST" finished-at="2019-10-02T23:41:03 CLST">
          <reporter-output>
          </reporter-output>
        </test-method> <!-- iraListado -->
      </class> <!-- cl.usach.mingesoft.ChromeTest -->
    </test> <!-- Default test -->
  </suite> <!-- Default suite -->
</testng-results>
